<?xml version="1.0" encoding="UTF-8"?>
<robot generator="Robot 6.0.2 (Python 3.10.8 on darwin)" generated="20230207 17:08:29.058" rpa="false" schemaversion="3">
<suite id="s1" name="Demo" source="/Users/vinod.rathod/Desktop/robot/demo.robot">
<test id="s1-t1" name="Example Test" line="5">
<kw name="Log To Console" library="BuiltIn">
<arg>Hi!</arg>
<doc>Logs the given message to the console.</doc>
<status status="PASS" starttime="20230207 17:08:29.069" endtime="20230207 17:08:29.069"/>
</kw>
<status status="PASS" starttime="20230207 17:08:29.069" endtime="20230207 17:08:29.069"/>
</test>
<status status="PASS" starttime="20230207 17:08:29.059" endtime="20230207 17:08:29.069"/>
</suite>
<statistics>
<total>
<stat pass="1" fail="0" skip="0">All Tests</stat>
</total>
<tag>
</tag>
<suite>
<stat pass="1" fail="0" skip="0" id="s1" name="Demo">Demo</stat>
</suite>
</statistics>
<errors>
</errors>
</robot>
